#
# A fatal error has been detected by the Java Runtime Environment:
#
#  EXCEPTION_ILLEGAL_INSTRUCTION (0xc000001d) at pc=0x000007fedd945c01, pid=6156, tid=0x0000000000000ecc
#
# JRE version: Java(TM) SE Runtime Environment (8.0_121-b13) (build 1.8.0_121-b13)
# Java VM: Java HotSpot(TM) 64-Bit Server VM (25.121-b13 mixed mode windows-amd64 compressed oops)
# Problematic frame:
# C  [msvcr120.dll+0x95c01]
#
# Failed to write core dump. Minidumps are not enabled by default on client versions of Windows
#
# If you would like to submit a bug report, please visit:
#   http://bugreport.java.com/bugreport/crash.jsp
# The crash happened outside the Java Virtual Machine in native code.
# See problematic frame for where to report the bug.
#

---------------  T H R E A D  ---------------

Current thread (0x00000000572d8000):  JavaThread "QuantumRenderer-0" daemon [_thread_in_native, id=3788, stack(0x0000000057b60000,0x0000000057c60000)]

siginfo: ExceptionCode=0xc000001d

Registers:
RAX=0x3f40000000000000, RBX=0x0000000000000004, RCX=0x3f40dde709846c68, RDX=0x7ff0000000000000
RSP=0x0000000057c5ca20, RBP=0x0000000057c5d250, RSI=0x0000000057c5d250, RDI=0x0000000000000004
R8 =0x8000000000000000, R9 =0x0000000070f2d200, R10=0x000000000000000c, R11=0x0000000057c5cf10
R12=0x0000000070f2d200, R13=0x0000000070f2d060, R14=0x00000000ec01b1dc, R15=0x0000000000000004
RIP=0x000007fedd945c01, EFLAGS=0x0000000000010202

Top of Stack: (sp=0x0000000057c5ca20)
0x0000000057c5ca20:   0000000057c5ca99 0000000000085790
0x0000000057c5ca30:   0000000000085790 000000005d2e5d30
0x0000000057c5ca40:   0000000057c5dba0 0000000000000008
0x0000000057c5ca50:   0000000000000000 0000000000080158
0x0000000057c5ca60:   0000000003258260 0000000000080230
0x0000000057c5ca70:   00000000032583cf 000007fed53dbe9a
0x0000000057c5ca80:   0000000057c5dbb0 000000005d410000
0x0000000057c5ca90:   000000000217b9b0 0000000000080230
0x0000000057c5caa0:   3f973b754265800b 0000000000000000
0x0000000057c5cab0:   bece76436be90000 0000000000000000
0x0000000057c5cac0:   000000005de8b3c8 0000000000085790
0x0000000057c5cad0:   0000cc647a5d2fe2 00000000000003ff
0x0000000057c5cae0:   000000000321a580 0000000070f23318
0x0000000057c5caf0:   3f40dde709846c68 3f40dde709846c68
0x0000000057c5cb00:   3f973b754265800b 000000005971f050
0x0000000057c5cb10:   0000000000000000 00000000000003ff 

Instructions: (pc=0x000007fedd945c01)
0x000007fedd945be1:   0f 10 d0 f2 0f 10 44 24 10 f2 0f 10 4c 24 20 44
0x000007fedd945bf1:   8b 0d 15 26 02 00 e8 34 c7 00 00 e9 72 f8 ff ff
0x000007fedd945c01:   c5 fb 11 44 24 10 c5 fb 11 4c 24 20 48 8b 54 24
0x000007fedd945c11:   10 4c 8b 44 24 20 4c 8b 15 4a 26 02 00 4d 23 d0 


Register to memory mapping:

RAX=0x3f40000000000000 is an unknown value
RBX=0x0000000000000004 is an unknown value
RCX=0x3f40dde709846c68 is an unknown value
RDX=0x7ff0000000000000 is an unknown value
RSP=0x0000000057c5ca20 is pointing into the stack for thread: 0x00000000572d8000
RBP=0x0000000057c5d250 is pointing into the stack for thread: 0x00000000572d8000
RSI=0x0000000057c5d250 is pointing into the stack for thread: 0x00000000572d8000
RDI=0x0000000000000004 is an unknown value
R8 =0x8000000000000000 is an unknown value
R9 =0x0000000070f2d200 is an unknown value
R10=0x000000000000000c is an unknown value
R11=0x0000000057c5cf10 is pointing into the stack for thread: 0x00000000572d8000
R12=0x0000000070f2d200 is an unknown value
R13=0x0000000070f2d060 is an unknown value
R14=0x00000000ec01b1dc is an unknown value
R15=0x0000000000000004 is an unknown value


Stack: [0x0000000057b60000,0x0000000057c60000],  sp=0x0000000057c5ca20,  free space=1010k
Native frames: (J=compiled Java code, j=interpreted, Vv=VM code, C=native code)
C  [msvcr120.dll+0x95c01]
C  [prism_common.dll+0x3318]
C  [prism_common.dll+0x1abc]
C  [prism_common.dll+0x1128]
C  [prism_common.dll+0x8bee]
C  [prism_common.dll+0x670e]
C  [prism_common.dll+0x49af]
C  [prism_common.dll+0x4649]
C  0x0000000002857994

Java frames: (J=compiled Java code, j=interpreted, Vv=VM code)
j  com.sun.prism.impl.shape.NativePiscesRasterizer.produceStrokeAlphas([F[BIFIIF[FFDDDDDD[I[B)V+0
J 2650 C1 com.sun.prism.impl.shape.NativePiscesRasterizer.getMaskData(Lcom/sun/javafx/geom/Shape;Lcom/sun/prism/BasicStroke;Lcom/sun/javafx/geom/RectBounds;Lcom/sun/javafx/geom/transform/BaseTransform;ZZ)Lcom/sun/prism/impl/shape/MaskData; (621 bytes) @ 0x0000000003031f14 [0x000000000302fae0+0x2434]
J 2589 C1 com.sun.prism.impl.ps.BaseShaderGraphics.renderShape(Lcom/sun/javafx/geom/Shape;Lcom/sun/prism/BasicStroke;FFFF)V (255 bytes) @ 0x0000000002fecb7c [0x0000000002fec880+0x2fc]
j  com.sun.prism.impl.BaseGraphics.draw(Lcom/sun/javafx/geom/Shape;)V+136
J 3146 C1 com.sun.prism.impl.ps.CachingShapeRepState.render(Lcom/sun/prism/Graphics;Lcom/sun/javafx/geom/Shape;Lcom/sun/javafx/geom/RectBounds;Lcom/sun/prism/BasicStroke;)V (783 bytes) @ 0x000000000321d244 [0x000000000321a560+0x2ce4]
J 3217 C1 com.sun.prism.impl.ps.CachingShapeRep.draw(Lcom/sun/prism/Graphics;Lcom/sun/javafx/geom/Shape;Lcom/sun/javafx/geom/BaseBounds;)V (35 bytes) @ 0x00000000032585d4 [0x0000000003258260+0x374]
j  com.sun.javafx.sg.prism.NGShape.renderContent2D(Lcom/sun/prism/Graphics;Z)V+144
J 2471 C1 com.sun.javafx.sg.prism.NGShape.renderContent(Lcom/sun/prism/Graphics;)V (458 bytes) @ 0x0000000002fa54a4 [0x0000000002fa3320+0x2184]
J 4245 C1 com.sun.javafx.sg.prism.NGNode.doRender(Lcom/sun/prism/Graphics;)V (473 bytes) @ 0x0000000003599c9c [0x0000000003597ec0+0x1ddc]
J 3025 C2 com.sun.javafx.sg.prism.NGGroup.renderContent(Lcom/sun/prism/Graphics;)V (436 bytes) @ 0x00000000031723dc [0x00000000031722a0+0x13c]
J 4251 C1 com.sun.javafx.sg.prism.NGRegion.renderContent(Lcom/sun/prism/Graphics;)V (115 bytes) @ 0x000000000359d4dc [0x000000000359c0c0+0x141c]
J 4245 C1 com.sun.javafx.sg.prism.NGNode.doRender(Lcom/sun/prism/Graphics;)V (473 bytes) @ 0x0000000003599c9c [0x0000000003597ec0+0x1ddc]
J 3025 C2 com.sun.javafx.sg.prism.NGGroup.renderContent(Lcom/sun/prism/Graphics;)V (436 bytes) @ 0x00000000031723dc [0x00000000031722a0+0x13c]
J 4251 C1 com.sun.javafx.sg.prism.NGRegion.renderContent(Lcom/sun/prism/Graphics;)V (115 bytes) @ 0x000000000359d4dc [0x000000000359c0c0+0x141c]
J 4245 C1 com.sun.javafx.sg.prism.NGNode.doRender(Lcom/sun/prism/Graphics;)V (473 bytes) @ 0x0000000003599c9c [0x0000000003597ec0+0x1ddc]
J 3025 C2 com.sun.javafx.sg.prism.NGGroup.renderContent(Lcom/sun/prism/Graphics;)V (436 bytes) @ 0x00000000031723dc [0x00000000031722a0+0x13c]
J 4251 C1 com.sun.javafx.sg.prism.NGRegion.renderContent(Lcom/sun/prism/Graphics;)V (115 bytes) @ 0x000000000359d4dc [0x000000000359c0c0+0x141c]
J 4245 C1 com.sun.javafx.sg.prism.NGNode.doRender(Lcom/sun/prism/Graphics;)V (473 bytes) @ 0x0000000003599c9c [0x0000000003597ec0+0x1ddc]
J 3025 C2 com.sun.javafx.sg.prism.NGGroup.renderContent(Lcom/sun/prism/Graphics;)V (436 bytes) @ 0x00000000031723dc [0x00000000031722a0+0x13c]
J 4251 C1 com.sun.javafx.sg.prism.NGRegion.renderContent(Lcom/sun/prism/Graphics;)V (115 bytes) @ 0x000000000359d4dc [0x000000000359c0c0+0x141c]
J 4245 C1 com.sun.javafx.sg.prism.NGNode.doRender(Lcom/sun/prism/Graphics;)V (473 bytes) @ 0x0000000003599c9c [0x0000000003597ec0+0x1ddc]
J 2761 C2 com.sun.javafx.sg.prism.NGNode.render(Lcom/sun/prism/Graphics;)V (38 bytes) @ 0x00000000030997a4 [0x0000000003099740+0x64]
J 2837 C1 com.sun.javafx.tk.quantum.ViewPainter.doPaint(Lcom/sun/prism/Graphics;Lcom/sun/javafx/sg/prism/NodePath;)V (205 bytes) @ 0x00000000030cf674 [0x00000000030ce7c0+0xeb4]
J 4592 C1 com.sun.javafx.tk.quantum.ViewPainter.paintImpl(Lcom/sun/prism/Graphics;)V (1457 bytes) @ 0x0000000002ce6c9c [0x0000000002ce40c0+0x2bdc]
J 3108 C1 com.sun.javafx.tk.quantum.PresentingPainter.run()V (675 bytes) @ 0x00000000031f02c4 [0x00000000031ecc60+0x3664]
J 2855 C1 java.util.concurrent.Executors$RunnableAdapter.call()Ljava/lang/Object; (14 bytes) @ 0x00000000030e828c [0x00000000030e8180+0x10c]
J 3090 C1 java.util.concurrent.FutureTask.runAndReset()Z (128 bytes) @ 0x00000000031d16dc [0x00000000031d1480+0x25c]
J 2854 C1 com.sun.javafx.tk.RenderJob.run()V (105 bytes) @ 0x00000000030e5c4c [0x00000000030e5bc0+0x8c]
j  java.util.concurrent.ThreadPoolExecutor.runWorker(Ljava/util/concurrent/ThreadPoolExecutor$Worker;)V+95
j  java.util.concurrent.ThreadPoolExecutor$Worker.run()V+5
j  com.sun.javafx.tk.quantum.QuantumRenderer$PipelineRunnable.run()V+8
j  java.lang.Thread.run()V+11
v  ~StubRoutines::call_stub

---------------  P R O C E S S  ---------------

Java Threads: ( => current thread )
  0x0000000057883000 JavaThread "Abandoned connection cleanup thread" daemon [_thread_blocked, id=4532, stack(0x000000005ec00000,0x000000005ed00000)]
  0x00000000576c5000 JavaThread "Prism Font Disposer" daemon [_thread_blocked, id=7092, stack(0x000000005d940000,0x000000005da40000)]
  0x00000000572fa000 JavaThread "JavaFX-Launcher" [_thread_blocked, id=5316, stack(0x0000000059ba0000,0x0000000059ca0000)]
  0x000000005732b000 JavaThread "Thread-2" daemon [_thread_in_native, id=4676, stack(0x0000000059930000,0x0000000059a30000)]
  0x00000000572cb000 JavaThread "JavaFX Application Thread" [_thread_blocked, id=6792, stack(0x0000000058230000,0x0000000058330000)]
  0x00000000572c0800 JavaThread "Thread-1" daemon [_thread_blocked, id=1152, stack(0x0000000057fb0000,0x00000000580b0000)]
=>0x00000000572d8000 JavaThread "QuantumRenderer-0" daemon [_thread_in_native, id=3788, stack(0x0000000057b60000,0x0000000057c60000)]
  0x00000000568c1800 JavaThread "Service Thread" daemon [_thread_blocked, id=3260, stack(0x0000000056530000,0x0000000056630000)]
  0x0000000056844000 JavaThread "C1 CompilerThread2" daemon [_thread_blocked, id=2136, stack(0x0000000056f10000,0x0000000057010000)]
  0x0000000056843000 JavaThread "C2 CompilerThread1" daemon [_thread_blocked, id=3520, stack(0x0000000056d80000,0x0000000056e80000)]
  0x0000000054fa8800 JavaThread "C2 CompilerThread0" daemon [_thread_blocked, id=6240, stack(0x0000000056740000,0x0000000056840000)]
  0x0000000054fa3000 JavaThread "Attach Listener" daemon [_thread_blocked, id=5400, stack(0x0000000056630000,0x0000000056730000)]
  0x0000000054fa0800 JavaThread "Signal Dispatcher" daemon [_thread_blocked, id=6664, stack(0x00000000563d0000,0x00000000564d0000)]
  0x0000000054f89800 JavaThread "Finalizer" daemon [_thread_blocked, id=5296, stack(0x0000000056000000,0x0000000056100000)]
  0x0000000054f42000 JavaThread "Reference Handler" daemon [_thread_blocked, id=3400, stack(0x0000000056120000,0x0000000056220000)]
  0x000000000217e000 JavaThread "main" [_thread_blocked, id=3156, stack(0x0000000002470000,0x0000000002570000)]

Other Threads:
  0x0000000054f3a800 VMThread [stack: 0x0000000055ed0000,0x0000000055fd0000] [id=4132]
  0x00000000568ec000 WatcherThread [stack: 0x0000000057170000,0x0000000057270000] [id=5276]

VM state:not at safepoint (normal execution)

VM Mutex/Monitor currently owned by a thread: None

Heap:
 PSYoungGen      total 39936K, used 29142K [0x00000000eb380000, 0x00000000efd00000, 0x0000000100000000)
  eden space 24064K, 55% used [0x00000000eb380000,0x00000000ec07d248,0x00000000ecb00000)
  from space 15872K, 99% used [0x00000000ecb00000,0x00000000eda78948,0x00000000eda80000)
  to   space 20480K, 0% used [0x00000000ee900000,0x00000000ee900000,0x00000000efd00000)
 ParOldGen       total 40448K, used 30585K [0x00000000c1a00000, 0x00000000c4180000, 0x00000000eb380000)
  object space 40448K, 75% used [0x00000000c1a00000,0x00000000c37de608,0x00000000c4180000)
 Metaspace       used 26505K, capacity 28296K, committed 28416K, reserved 1073152K
  class space    used 3745K, capacity 4052K, committed 4096K, reserved 1048576K

Card table byte_map: [0x0000000011c00000,0x0000000011e00000] byte_map_base: 0x00000000115f3000

Marking Bits: (ParMarkBitMap*) 0x000000007075b6d0
 Begin Bits: [0x0000000012480000, 0x0000000013418000)
 End Bits:   [0x0000000013418000, 0x00000000143b0000)

Polling page: 0x0000000001c60000

CodeCache: size=245760Kb used=15178Kb max_used=15206Kb free=230581Kb
 bounds [0x0000000002840000, 0x0000000003740000, 0x0000000011840000]
 total_blobs=5323 nmethods=4554 adapters=680
 compilation: enabled

Compilation events (10 events):
Event: 42.736 Thread 0x0000000056844000 5131       3       javafx.scene.shape.Rectangle::getArcWidth (19 bytes)
Event: 42.737 Thread 0x0000000056844000 nmethod 5131 0x000000000312e550 code [0x000000000312e6c0, 0x000000000312ea68]
Event: 42.737 Thread 0x0000000056844000 5132       3       javafx.scene.shape.Rectangle::getX (19 bytes)
Event: 42.738 Thread 0x0000000056844000 nmethod 5132 0x000000000312df10 code [0x000000000312e080, 0x000000000312e428]
Event: 42.738 Thread 0x0000000056844000 5133       3       javafx.scene.shape.Rectangle::getY (19 bytes)
Event: 42.739 Thread 0x0000000056844000 nmethod 5133 0x000000000312d8d0 code [0x000000000312da40, 0x000000000312dde8]
Event: 42.739 Thread 0x0000000056844000 5142       1       com.sun.javafx.scene.SceneEventDispatcher::getLastDispatcher (5 bytes)
Event: 42.739 Thread 0x0000000056844000 nmethod 5142 0x000000000312d610 code [0x000000000312d760, 0x000000000312d870]
Event: 42.751 Thread 0x0000000056843000 nmethod 4959 0x0000000003122a50 code [0x0000000003122e80, 0x0000000003125b60]
Event: 42.752 Thread 0x0000000056843000 5134       4       javafx.scene.Node::updateLocalToParentTransform (442 bytes)

GC Heap History (10 events):
Event: 18.157 GC heap before
{Heap before GC invocations=6 (full 1):
 PSYoungGen      total 18944K, used 16384K [0x00000000eb380000, 0x00000000ec880000, 0x0000000100000000)
  eden space 16384K, 100% used [0x00000000eb380000,0x00000000ec380000,0x00000000ec380000)
  from space 2560K, 0% used [0x00000000ec600000,0x00000000ec600000,0x00000000ec880000)
  to   space 2560K, 0% used [0x00000000ec380000,0x00000000ec380000,0x00000000ec600000)
 ParOldGen       total 40448K, used 9997K [0x00000000c1a00000, 0x00000000c4180000, 0x00000000eb380000)
  object space 40448K, 24% used [0x00000000c1a00000,0x00000000c23c3668,0x00000000c4180000)
 Metaspace       used 21608K, capacity 22444K, committed 22656K, reserved 1069056K
  class space    used 2936K, capacity 3146K, committed 3200K, reserved 1048576K
Event: 18.168 GC heap after
Heap after GC invocations=6 (full 1):
 PSYoungGen      total 18944K, used 1804K [0x00000000eb380000, 0x00000000ed700000, 0x0000000100000000)
  eden space 16384K, 0% used [0x00000000eb380000,0x00000000eb380000,0x00000000ec380000)
  from space 2560K, 70% used [0x00000000ec380000,0x00000000ec543020,0x00000000ec600000)
  to   space 7168K, 0% used [0x00000000ed000000,0x00000000ed000000,0x00000000ed700000)
 ParOldGen       total 40448K, used 10005K [0x00000000c1a00000, 0x00000000c4180000, 0x00000000eb380000)
  object space 40448K, 24% used [0x00000000c1a00000,0x00000000c23c5668,0x00000000c4180000)
 Metaspace       used 21608K, capacity 22444K, committed 22656K, reserved 1069056K
  class space    used 2936K, capacity 3146K, committed 3200K, reserved 1048576K
}
Event: 21.414 GC heap before
{Heap before GC invocations=7 (full 1):
 PSYoungGen      total 18944K, used 18188K [0x00000000eb380000, 0x00000000ed700000, 0x0000000100000000)
  eden space 16384K, 100% used [0x00000000eb380000,0x00000000ec380000,0x00000000ec380000)
  from space 2560K, 70% used [0x00000000ec380000,0x00000000ec543020,0x00000000ec600000)
  to   space 7168K, 0% used [0x00000000ed000000,0x00000000ed000000,0x00000000ed700000)
 ParOldGen       total 40448K, used 10005K [0x00000000c1a00000, 0x00000000c4180000, 0x00000000eb380000)
  object space 40448K, 24% used [0x00000000c1a00000,0x00000000c23c5668,0x00000000c4180000)
 Metaspace       used 23571K, capacity 24836K, committed 25088K, reserved 1071104K
  class space    used 3266K, capacity 3522K, committed 3584K, reserved 1048576K
Event: 21.433 GC heap after
Heap after GC invocations=7 (full 1):
 PSYoungGen      total 28160K, used 4058K [0x00000000eb380000, 0x00000000ed600000, 0x0000000100000000)
  eden space 22016K, 0% used [0x00000000eb380000,0x00000000eb380000,0x00000000ec900000)
  from space 6144K, 66% used [0x00000000ed000000,0x00000000ed3f6bd0,0x00000000ed600000)
  to   space 6656K, 0% used [0x00000000ec900000,0x00000000ec900000,0x00000000ecf80000)
 ParOldGen       total 40448K, used 10013K [0x00000000c1a00000, 0x00000000c4180000, 0x00000000eb380000)
  object space 40448K, 24% used [0x00000000c1a00000,0x00000000c23c7668,0x00000000c4180000)
 Metaspace       used 23571K, capacity 24836K, committed 25088K, reserved 1071104K
  class space    used 3266K, capacity 3522K, committed 3584K, reserved 1048576K
}
Event: 32.761 GC heap before
{Heap before GC invocations=8 (full 1):
 PSYoungGen      total 28160K, used 26074K [0x00000000eb380000, 0x00000000ed600000, 0x0000000100000000)
  eden space 22016K, 100% used [0x00000000eb380000,0x00000000ec900000,0x00000000ec900000)
  from space 6144K, 66% used [0x00000000ed000000,0x00000000ed3f6bd0,0x00000000ed600000)
  to   space 6656K, 0% used [0x00000000ec900000,0x00000000ec900000,0x00000000ecf80000)
 ParOldGen       total 40448K, used 10013K [0x00000000c1a00000, 0x00000000c4180000, 0x00000000eb380000)
  object space 40448K, 24% used [0x00000000c1a00000,0x00000000c23c7668,0x00000000c4180000)
 Metaspace       used 24359K, capacity 25596K, committed 25728K, reserved 1071104K
  class space    used 3360K, capacity 3596K, committed 3712K, reserved 1048576K
Event: 32.926 GC heap after
Heap after GC invocations=8 (full 1):
 PSYoungGen      total 28672K, used 6648K [0x00000000eb380000, 0x00000000ee380000, 0x0000000100000000)
  eden space 22016K, 0% used [0x00000000eb380000,0x00000000eb380000,0x00000000ec900000)
  from space 6656K, 99% used [0x00000000ec900000,0x00000000ecf7e088,0x00000000ecf80000)
  to   space 9216K, 0% used [0x00000000eda80000,0x00000000eda80000,0x00000000ee380000)
 ParOldGen       total 40448K, used 13016K [0x00000000c1a00000, 0x00000000c4180000, 0x00000000eb380000)
  object space 40448K, 32% used [0x00000000c1a00000,0x00000000c26b6280,0x00000000c4180000)
 Metaspace       used 24359K, capacity 25596K, committed 25728K, reserved 1071104K
  class space    used 3360K, capacity 3596K, committed 3712K, reserved 1048576K
}
Event: 33.673 GC heap before
{Heap before GC invocations=9 (full 1):
 PSYoungGen      total 28672K, used 28231K [0x00000000eb380000, 0x00000000ee380000, 0x0000000100000000)
  eden space 22016K, 98% used [0x00000000eb380000,0x00000000ec893bf0,0x00000000ec900000)
  from space 6656K, 99% used [0x00000000ec900000,0x00000000ecf7e088,0x00000000ecf80000)
  to   space 9216K, 0% used [0x00000000eda80000,0x00000000eda80000,0x00000000ee380000)
 ParOldGen       total 40448K, used 13016K [0x00000000c1a00000, 0x00000000c4180000, 0x00000000eb380000)
  object space 40448K, 32% used [0x00000000c1a00000,0x00000000c26b6280,0x00000000c4180000)
 Metaspace       used 24555K, capacity 25850K, committed 25984K, reserved 1071104K
  class space    used 3392K, capacity 3671K, committed 3712K, reserved 1048576K
Event: 33.783 GC heap after
Heap after GC invocations=9 (full 1):
 PSYoungGen      total 33280K, used 9186K [0x00000000eb380000, 0x00000000ef800000, 0x0000000100000000)
  eden space 24064K, 0% used [0x00000000eb380000,0x00000000eb380000,0x00000000ecb00000)
  from space 9216K, 99% used [0x00000000eda80000,0x00000000ee378ab0,0x00000000ee380000)
  to   space 15872K, 0% used [0x00000000ecb00000,0x00000000ecb00000,0x00000000eda80000)
 ParOldGen       total 40448K, used 24773K [0x00000000c1a00000, 0x00000000c4180000, 0x00000000eb380000)
  object space 40448K, 61% used [0x00000000c1a00000,0x00000000c32314e0,0x00000000c4180000)
 Metaspace       used 24555K, capacity 25850K, committed 25984K, reserved 1071104K
  class space    used 3392K, capacity 3671K, committed 3712K, reserved 1048576K
}
Event: 41.467 GC heap before
{Heap before GC invocations=10 (full 1):
 PSYoungGen      total 33280K, used 33250K [0x00000000eb380000, 0x00000000ef800000, 0x0000000100000000)
  eden space 24064K, 100% used [0x00000000eb380000,0x00000000ecb00000,0x00000000ecb00000)
  from space 9216K, 99% used [0x00000000eda80000,0x00000000ee378ab0,0x00000000ee380000)
  to   space 15872K, 0% used [0x00000000ecb00000,0x00000000ecb00000,0x00000000eda80000)
 ParOldGen       total 40448K, used 24773K [0x00000000c1a00000, 0x00000000c4180000, 0x00000000eb380000)
  object space 40448K, 61% used [0x00000000c1a00000,0x00000000c32314e0,0x00000000c4180000)
 Metaspace       used 25323K, capacity 26696K, committed 26880K, reserved 1073152K
  class space    used 3544K, capacity 3824K, committed 3840K, reserved 1048576K
Event: 41.506 GC heap after
Heap after GC invocations=10 (full 1):
 PSYoungGen      total 39936K, used 15842K [0x00000000eb380000, 0x00000000efd00000, 0x0000000100000000)
  eden space 24064K, 0% used [0x00000000eb380000,0x00000000eb380000,0x00000000ecb00000)
  from space 15872K, 99% used [0x00000000ecb00000,0x00000000eda78948,0x00000000eda80000)
  to   space 20480K, 0% used [0x00000000ee900000,0x00000000ee900000,0x00000000efd00000)
 ParOldGen       total 40448K, used 30585K [0x00000000c1a00000, 0x00000000c4180000, 0x00000000eb380000)
  object space 40448K, 75% used [0x00000000c1a00000,0x00000000c37de608,0x00000000c4180000)
 Metaspace       used 25323K, capacity 26696K, committed 26880K, reserved 1073152K
  class space    used 3544K, capacity 3824K, committed 3840K, reserved 1048576K
}

Deoptimization events (10 events):
Event: 34.478 Thread 0x00000000572d8000 Uncommon trap: reason=unstable_if action=reinterpret pc=0x00000000030c01cc method=com.sun.prism.impl.GlyphCache.getCachedGlyph(II)Lcom/sun/prism/impl/GlyphCache$GlyphData; @ 366
Event: 34.479 Thread 0x00000000572d8000 Uncommon trap: reason=unstable_if action=reinterpret pc=0x00000000032175e8 method=com.sun.prism.impl.GlyphCache.render(Lcom/sun/prism/impl/BaseContext;Lcom/sun/javafx/scene/text/GlyphList;FFIILcom/sun/prism/paint/Color;Lcom/sun/prism/paint/Color;Lcom/sun/
Event: 35.835 Thread 0x00000000572cb000 Uncommon trap: reason=unstable_if action=reinterpret pc=0x000000000367c1e4 method=javafx.scene.CssStyleHelper.transitionToState(Ljavafx/scene/Node;)V @ 513
Event: 36.796 Thread 0x00000000572cb000 Uncommon trap: reason=class_check action=maybe_recompile pc=0x00000000030b0bec method=javafx.scene.Node.updateLocalToParentTransform()V @ 271
Event: 38.745 Thread 0x00000000572cb000 Uncommon trap: reason=class_check action=maybe_recompile pc=0x00000000030b0bec method=javafx.scene.Node.updateLocalToParentTransform()V @ 271
Event: 41.224 Thread 0x00000000572cb000 Uncommon trap: reason=range_check action=make_not_entrant pc=0x00000000032ef510 method=sun.reflect.generics.parser.SignatureParser.current()C @ 34
Event: 41.821 Thread 0x00000000572cb000 Uncommon trap: reason=unstable_if action=reinterpret pc=0x000000000369aee4 method=javafx.scene.CssStyleHelper.resolveLookups(Ljavafx/css/Styleable;Lcom/sun/javafx/css/ParsedValueImpl;Lcom/sun/javafx/css/StyleMap;Ljava/util/Set;Ljavafx/beans/property/Objec
Event: 42.346 Thread 0x00000000572cb000 Uncommon trap: reason=unstable_if action=reinterpret pc=0x0000000002c846a8 method=javafx.scene.Node.hasProperties()Z @ 16
Event: 42.347 Thread 0x00000000572cb000 Uncommon trap: reason=unstable_if action=reinterpret pc=0x0000000002cf157c method=javafx.scene.Node.hasProperties()Z @ 16
Event: 42.699 Thread 0x00000000572cb000 Uncommon trap: reason=unstable_if action=reinterpret pc=0x0000000003176fe8 method=com.sun.javafx.geom.Path2D.needRoom(ZI)V @ 93

Internal exceptions (10 events):
Event: 9.074 Thread 0x00000000572cb000 Implicit null exception at 0x0000000002b2ea46 to 0x0000000002b2ede9
Event: 9.121 Thread 0x00000000572cb000 Implicit null exception at 0x0000000002e34e65 to 0x0000000002e35939
Event: 17.249 Thread 0x00000000572cb000 Implicit null exception at 0x0000000002f63a65 to 0x0000000002f650b1
Event: 20.273 Thread 0x00000000572cb000 Exception <a 'java/lang/ArrayIndexOutOfBoundsException'> (0x00000000eba623a0) thrown at [C:\re\workspace\8-2-build-windows-amd64-cygwin\jdk8u121\8372\hotspot\src\share\vm\runtime\sharedRuntime.cpp, line 605]
Event: 20.273 Thread 0x00000000572cb000 Exception <a 'java/lang/ArrayIndexOutOfBoundsException'> (0x00000000eba63598) thrown at [C:\re\workspace\8-2-build-windows-amd64-cygwin\jdk8u121\8372\hotspot\src\share\vm\runtime\sharedRuntime.cpp, line 605]
Event: 20.274 Thread 0x00000000572cb000 Exception <a 'java/lang/ArrayIndexOutOfBoundsException'> (0x00000000eba65b38) thrown at [C:\re\workspace\8-2-build-windows-amd64-cygwin\jdk8u121\8372\hotspot\src\share\vm\runtime\sharedRuntime.cpp, line 605]
Event: 36.915 Thread 0x00000000572cb000 Exception <a 'java/lang/NullPointerException'> (0x00000000ec1051d0) thrown at [C:\re\workspace\8-2-build-windows-amd64-cygwin\jdk8u121\8372\hotspot\src\share\vm\interpreter\linkResolver.cpp, line 1178]
Event: 36.915 Thread 0x00000000572cb000 Exception <a 'java/lang/reflect/InvocationTargetException'> (0x00000000ec1055c0) thrown at [C:\re\workspace\8-2-build-windows-amd64-cygwin\jdk8u121\8372\hotspot\src\share\vm\runtime\reflection.cpp, line 1092]
Event: 36.916 Thread 0x00000000572cb000 Exception <a 'java/lang/RuntimeException'> (0x00000000ec105db0) thrown at [C:\re\workspace\8-2-build-windows-amd64-cygwin\jdk8u121\8372\hotspot\src\share\vm\prims\jvm.cpp, line 1394]
Event: 41.224 Thread 0x00000000572cb000 Exception <a 'java/lang/ArrayIndexOutOfBoundsException': 79> (0x00000000ec6e2e80) thrown at [C:\re\workspace\8-2-build-windows-amd64-cygwin\jdk8u121\8372\hotspot\src\share\vm\interpreter\interpreterRuntime.cpp, line 366]

Events (10 events):
Event: 42.685 loading class javafx/event/ActionEvent done
Event: 42.685 loading class controller/AdminHomeController
Event: 42.685 loading class controller/AdminHomeController done
Event: 42.697 loading class com/sun/javafx/geom/ArcIterator
Event: 42.697 loading class com/sun/javafx/geom/ArcIterator done
Event: 42.699 Thread 0x00000000572cb000 Uncommon trap: trap_request=0xffffff65 fr.pc=0x0000000003176fe8
Event: 42.699 Thread 0x00000000572cb000 DEOPT PACKING pc=0x0000000003176fe8 sp=0x000000005832d140
Event: 42.699 Thread 0x00000000572cb000 DEOPT UNPACKING pc=0x000000000288582a sp=0x000000005832d088 mode 2
Event: 42.700 loading class javafx/scene/shape/Arc$8
Event: 42.700 loading class javafx/scene/shape/Arc$8 done


Dynamic libraries:
0x000000013f570000 - 0x000000013f5a7000 	C:\Program Files\Java\jdk1.8.0_121\jre\bin\java.exe
0x00000000779d0000 - 0x0000000077b7b000 	C:\Windows\SYSTEM32\ntdll.dll
0x00000000778b0000 - 0x00000000779cf000 	C:\Windows\system32\kernel32.dll
0x000007fefdc90000 - 0x000007fefdcfb000 	C:\Windows\system32\KERNELBASE.dll
0x000007fefe380000 - 0x000007fefe45b000 	C:\Windows\system32\ADVAPI32.dll
0x000007feffc40000 - 0x000007feffcdf000 	C:\Windows\system32\msvcrt.dll
0x000007feffc20000 - 0x000007feffc3f000 	C:\Windows\SYSTEM32\sechost.dll
0x000007fefe4b0000 - 0x000007fefe5de000 	C:\Windows\system32\RPCRT4.dll
0x00000000777b0000 - 0x00000000778aa000 	C:\Windows\system32\USER32.dll
0x000007feffac0000 - 0x000007feffb27000 	C:\Windows\system32\GDI32.dll
0x000007fefe880000 - 0x000007fefe88e000 	C:\Windows\system32\LPK.dll
0x000007fefe8e0000 - 0x000007fefe9aa000 	C:\Windows\system32\USP10.dll
0x000007fefc210000 - 0x000007fefc404000 	C:\Windows\WinSxS\amd64_microsoft.windows.common-controls_6595b64144ccf1df_6.0.7600.16385_none_fa645303170382f6\COMCTL32.dll
0x000007feff740000 - 0x000007feff7b1000 	C:\Windows\system32\SHLWAPI.dll
0x000007fefe480000 - 0x000007fefe4ae000 	C:\Windows\system32\IMM32.DLL
0x000007fefe220000 - 0x000007fefe329000 	C:\Windows\system32\MSCTF.dll
0x0000000071a10000 - 0x0000000071ae2000 	C:\Program Files\Java\jdk1.8.0_121\jre\bin\msvcr100.dll
0x000000006ff40000 - 0x00000000707db000 	C:\Program Files\Java\jdk1.8.0_121\jre\bin\server\jvm.dll
0x000007feeaba0000 - 0x000007feeaba9000 	C:\Windows\system32\WSOCK32.dll
0x000007fefe330000 - 0x000007fefe37d000 	C:\Windows\system32\WS2_32.dll
0x000007feffc10000 - 0x000007feffc18000 	C:\Windows\system32\NSI.dll
0x000007fef90f0000 - 0x000007fef912b000 	C:\Windows\system32\WINMM.dll
0x000007fefc8a0000 - 0x000007fefc8ac000 	C:\Windows\system32\VERSION.dll
0x0000000077b90000 - 0x0000000077b97000 	C:\Windows\system32\PSAPI.DLL
0x0000000071d60000 - 0x0000000071d6f000 	C:\Program Files\Java\jdk1.8.0_121\jre\bin\verify.dll
0x0000000071d30000 - 0x0000000071d59000 	C:\Program Files\Java\jdk1.8.0_121\jre\bin\java.dll
0x0000000071d10000 - 0x0000000071d26000 	C:\Program Files\Java\jdk1.8.0_121\jre\bin\zip.dll
0x000007fefe9b0000 - 0x000007feff736000 	C:\Windows\system32\SHELL32.dll
0x000007fefe010000 - 0x000007fefe211000 	C:\Windows\system32\ole32.dll
0x000007fefd930000 - 0x000007fefd93f000 	C:\Windows\system32\profapi.dll
0x000007fedd8b0000 - 0x000007fedd99f000 	C:\Program Files\Java\jdk1.8.0_121\jre\bin\msvcr120.dll
0x000007fede790000 - 0x000007fede836000 	C:\Program Files\Java\jdk1.8.0_121\jre\bin\msvcp120.dll
0x0000000070fe0000 - 0x0000000071002000 	C:\Program Files\Java\jdk1.8.0_121\jre\bin\prism_d3d.dll
0x000007fed8270000 - 0x000007fed846f000 	C:\Windows\system32\d3d9.dll
0x000007fed8260000 - 0x000007fed8267000 	C:\Windows\system32\d3d8thk.dll
0x000007fefb800000 - 0x000007fefb818000 	C:\Windows\system32\dwmapi.dll
0x000007fefc030000 - 0x000007fefc086000 	C:\Windows\system32\uxtheme.dll
0x000007fef7410000 - 0x000007fef752b000 	C:\Windows\system32\aticfx64.dll
0x000007fed8220000 - 0x000007fed8240000 	C:\Windows\system32\atiu9p64.dll
0x000007fed52a0000 - 0x000007fed6a59000 	C:\Windows\system32\igdumdim64.dll
0x000007fed7b50000 - 0x000007fed821a000 	C:\Windows\system32\atiumd64.dll
0x0000000070f90000 - 0x0000000070fd3000 	C:\Program Files\Java\jdk1.8.0_121\jre\bin\glass.dll
0x000007fefe7e0000 - 0x000007fefe878000 	C:\Windows\system32\COMDLG32.dll
0x000007feffb30000 - 0x000007feffc07000 	C:\Windows\system32\OLEAUT32.dll
0x000007fefd860000 - 0x000007fefd86f000 	C:\Windows\system32\CRYPTBASE.dll
0x000007fef3520000 - 0x000007fef3f05000 	C:\Windows\system32\igdusc64.dll
0x0000000070f70000 - 0x0000000070f84000 	C:\Program Files\Java\jdk1.8.0_121\jre\bin\javafx_font.dll
0x000007fee0720000 - 0x000007fee089b000 	C:\Windows\system32\dwrite.dll
0x000007feffa20000 - 0x000007feffab9000 	C:\Windows\system32\CLBCatQ.DLL
0x000007fefb430000 - 0x000007fefb55a000 	C:\Windows\system32\WindowsCodecs.dll
0x000007fefd800000 - 0x000007fefd857000 	C:\Windows\system32\apphelp.dll
0x000007fef6200000 - 0x000007fef643b000 	C:\PROGRA~1\MICROS~2\Office15\GROOVEEX.DLL
0x00000000753c0000 - 0x0000000075458000 	C:\Windows\system32\MSVCP100.dll
0x0000000075390000 - 0x00000000753bb000 	C:\Windows\system32\ATL100.DLL
0x000007fef5000000 - 0x000007fef5316000 	C:\Windows\system32\msi.dll
0x000007fef6dd0000 - 0x000007fef7409000 	C:\PROGRA~1\MICROS~2\Office15\1033\GrooveIntlResource.dll
0x000007fef9c70000 - 0x000007fef9ca5000 	C:\Windows\system32\EhStorShell.dll
0x000007fefdd00000 - 0x000007fefded7000 	C:\Windows\system32\SETUPAPI.dll
0x000007fefdc30000 - 0x000007fefdc66000 	C:\Windows\system32\CFGMGR32.dll
0x000007fefdc70000 - 0x000007fefdc8a000 	C:\Windows\system32\DEVOBJ.dll
0x000007fefc090000 - 0x000007fefc1bc000 	C:\Windows\system32\PROPSYS.dll
0x000007fef9310000 - 0x000007fef938e000 	C:\Windows\System32\cscui.dll
0x000007fefc410000 - 0x000007fefc41c000 	C:\Windows\System32\CSCDLL.dll
0x000007fef9670000 - 0x000007fef967f000 	C:\Windows\system32\CSCAPI.dll
0x000007fef9290000 - 0x000007fef9310000 	C:\Windows\system32\ntshrui.dll
0x000007fefd4a0000 - 0x000007fefd4c3000 	C:\Windows\system32\srvcli.dll
0x000007fefb6a0000 - 0x000007fefb6ab000 	C:\Windows\system32\slc.dll
0x000007fedfbe0000 - 0x000007fedfc0d000 	C:\Program Files\Common Files\Microsoft Shared\Ink\rtscom.dll
0x0000000070f40000 - 0x0000000070f63000 	C:\Program Files\Java\jdk1.8.0_121\jre\bin\javafx_iio.dll
0x0000000071cf0000 - 0x0000000071d0a000 	C:\Program Files\Java\jdk1.8.0_121\jre\bin\net.dll
0x000007fefd1a0000 - 0x000007fefd1f4000 	C:\Windows\system32\mswsock.dll
0x000007fefd190000 - 0x000007fefd197000 	C:\Windows\System32\wship6.dll
0x000007fefc9c0000 - 0x000007fefc9c7000 	C:\Windows\System32\wshtcpip.dll
0x000007fefd020000 - 0x000007fefd07b000 	C:\Windows\system32\DNSAPI.dll
0x000007fefb320000 - 0x000007fefb347000 	C:\Windows\system32\IPHLPAPI.DLL
0x000007fefb300000 - 0x000007fefb30b000 	C:\Windows\system32\WINNSI.DLL
0x000007fef9c30000 - 0x000007fef9c38000 	C:\Windows\system32\rasadhlp.dll
0x000007fefb180000 - 0x000007fefb1d3000 	C:\Windows\System32\fwpuclnt.dll
0x0000000070f20000 - 0x0000000070f31000 	C:\Program Files\Java\jdk1.8.0_121\jre\bin\prism_common.dll
0x000007fefd200000 - 0x000007fefd217000 	C:\Windows\system32\CRYPTSP.dll
0x000007fefcf00000 - 0x000007fefcf47000 	C:\Windows\system32\rsaenh.dll
0x000007fefcad0000 - 0x000007fefcaee000 	C:\Windows\system32\USERENV.dll
0x000007fefb020000 - 0x000007fefb038000 	C:\Windows\system32\dhcpcsvc.DLL
0x000007fefb000000 - 0x000007fefb011000 	C:\Windows\system32\dhcpcsvc6.DLL
0x0000000071cd0000 - 0x0000000071ce1000 	C:\Program Files\Java\jdk1.8.0_121\jre\bin\nio.dll
0x000007fee8fb0000 - 0x000007fee90d5000 	C:\Windows\system32\dbghelp.dll

VM Arguments:
jvm_args: -Dfile.encoding=UTF-8 
java_command: C:\Users\fahmex\Desktop\Game Project\dist\run625274042\Game Project.jar
java_class_path (initial): C:\Users\fahmex\Desktop\Game Project\dist\run625274042\Game Project.jar
Launcher Type: SUN_STANDARD

Environment Variables:
PATH=C:\ProgramData\Oracle\Java\javapath;C:\oraclexe\app\oracle\product\10.2.0\server\bin;C:\wamp\bin\php\php5.5.12\;C:\Program Files (x86)\AMD APP\bin\x86_64;C:\Program Files (x86)\AMD APP\bin\x86;C:\Windows\system32;C:\Windows;C:\Windows\System32\Wbem;C:\Windows\System32\WindowsPowerShell\v1.0\;C:\Program Files (x86)\ATI Technologies\ATI.ACE\Core-Static;C:\Program Files (x86)\GtkSharp\2.12\bin
USERNAME=fahmex
OS=Windows_NT
PROCESSOR_IDENTIFIER=Intel64 Family 6 Model 69 Stepping 1, GenuineIntel



---------------  S Y S T E M  ---------------

OS: Windows 7 , 64 bit Build 7600 (6.1.7600.16385)

CPU:total 4 (2 cores per cpu, 2 threads per core) family 6 model 69 stepping 1, cmov, cx8, fxsr, mmx, sse, sse2, sse3, ssse3, sse4.1, sse4.2, popcnt, aes, clmul, erms, lzcnt, ht, tsc, tscinvbit, bmi1, bmi2

Memory: 4k page, physical 4079984k(493344k free), swap 8326012k(687756k free)

vm_info: Java HotSpot(TM) 64-Bit Server VM (25.121-b13) for windows-amd64 JRE (1.8.0_121-b13), built on Dec 12 2016 18:21:36 by "java_re" with MS VC++ 10.0 (VS2010)

time: Sun May 14 16:58:10 2017
elapsed time: 43 seconds (0d 0h 0m 43s)

