#
# A fatal error has been detected by the Java Runtime Environment:
#
#  EXCEPTION_ILLEGAL_INSTRUCTION (0xc000001d) at pc=0x000007fed8fa5c01, pid=6788, tid=0x0000000000001be4
#
# JRE version: Java(TM) SE Runtime Environment (8.0_121-b13) (build 1.8.0_121-b13)
# Java VM: Java HotSpot(TM) 64-Bit Server VM (25.121-b13 mixed mode windows-amd64 compressed oops)
# Problematic frame:
# C  [msvcr120.dll+0x95c01]
#
# Failed to write core dump. Minidumps are not enabled by default on client versions of Windows
#
# If you would like to submit a bug report, please visit:
#   http://bugreport.java.com/bugreport/crash.jsp
# The crash happened outside the Java Virtual Machine in native code.
# See problematic frame for where to report the bug.
#

---------------  T H R E A D  ---------------

Current thread (0x00000000568ea000):  JavaThread "QuantumRenderer-0" daemon [_thread_in_native, id=7140, stack(0x0000000057d20000,0x0000000057e20000)]

siginfo: ExceptionCode=0xc000001d

Registers:
RAX=0x3f40000000000000, RBX=0x0000000000000004, RCX=0x3f40dde709846c68, RDX=0x7ff0000000000000
RSP=0x0000000057e1c670, RBP=0x0000000057e1cea0, RSI=0x0000000057e1cea0, RDI=0x0000000000000004
R8 =0x8000000000000000, R9 =0x0000000070f0d200, R10=0x000000000000000c, R11=0x0000000057e1cb60
R12=0x0000000070f0d200, R13=0x0000000070f0d060, R14=0x00000000ebc631f4, R15=0x0000000000000004
RIP=0x000007fed8fa5c01, EFLAGS=0x0000000000010202

Top of Stack: (sp=0x0000000057e1c670)
0x0000000057e1c670:   0000000057e1c7b0 0000000000450230
0x0000000057e1c680:   0000000000450230 000000005d3af0f0
0x0000000057e1c690:   0000000057e1c7a0 0000000000000010
0x0000000057e1c6a0:   0000000002c24510 0000000000450158
0x0000000057e1c6b0:   0000000000000000 00000000004557a0
0x0000000057e1c6c0:   00000000549b4910 00000000568ea000
0x0000000057e1c6d0:   00000000549b4910 000000005d540000
0x0000000057e1c6e0:   ffffffffffffffff 0000000000450230
0x0000000057e1c6f0:   3f973b754265800b 0000000000000000
0x0000000057e1c700:   bece76436be90000 0000000000000000
0x0000000057e1c710:   00000000568ea000 0000000000450230
0x0000000057e1c720:   00000000021cc170 0000000000000010
0x0000000057e1c730:   00000000ffffffff 0000000070f03318
0x0000000057e1c740:   3f40dde709846c68 3f40dde709846c68
0x0000000057e1c750:   3f973b754265800b 000000005d5cbc70
0x0000000057e1c760:   0000000000000003 0000000000000039 

Instructions: (pc=0x000007fed8fa5c01)
0x000007fed8fa5be1:   0f 10 d0 f2 0f 10 44 24 10 f2 0f 10 4c 24 20 44
0x000007fed8fa5bf1:   8b 0d 15 26 02 00 e8 34 c7 00 00 e9 72 f8 ff ff
0x000007fed8fa5c01:   c5 fb 11 44 24 10 c5 fb 11 4c 24 20 48 8b 54 24
0x000007fed8fa5c11:   10 4c 8b 44 24 20 4c 8b 15 4a 26 02 00 4d 23 d0 


Register to memory mapping:

RAX=0x3f40000000000000 is an unknown value
RBX=0x0000000000000004 is an unknown value
RCX=0x3f40dde709846c68 is an unknown value
RDX=0x7ff0000000000000 is an unknown value
RSP=0x0000000057e1c670 is pointing into the stack for thread: 0x00000000568ea000
RBP=0x0000000057e1cea0 is pointing into the stack for thread: 0x00000000568ea000
RSI=0x0000000057e1cea0 is pointing into the stack for thread: 0x00000000568ea000
RDI=0x0000000000000004 is an unknown value
R8 =0x8000000000000000 is an unknown value
R9 =0x0000000070f0d200 is an unknown value
R10=0x000000000000000c is an unknown value
R11=0x0000000057e1cb60 is pointing into the stack for thread: 0x00000000568ea000
R12=0x0000000070f0d200 is an unknown value
R13=0x0000000070f0d060 is an unknown value
R14=0x00000000ebc631f4 is an unknown value
R15=0x0000000000000004 is an unknown value


Stack: [0x0000000057d20000,0x0000000057e20000],  sp=0x0000000057e1c670,  free space=1009k
Native frames: (J=compiled Java code, j=interpreted, Vv=VM code, C=native code)
C  [msvcr120.dll+0x95c01]
C  [prism_common.dll+0x3318]
C  [prism_common.dll+0x1abc]
C  [prism_common.dll+0x1128]
C  [prism_common.dll+0x8bee]
C  [prism_common.dll+0x670e]
C  [prism_common.dll+0x49af]
C  [prism_common.dll+0x4649]
C  0x00000000026e7994

Java frames: (J=compiled Java code, j=interpreted, Vv=VM code)
j  com.sun.prism.impl.shape.NativePiscesRasterizer.produceStrokeAlphas([F[BIFIIF[FFDDDDDD[I[B)V+0
J 2600 C1 com.sun.prism.impl.shape.NativePiscesRasterizer.getMaskData(Lcom/sun/javafx/geom/Shape;Lcom/sun/prism/BasicStroke;Lcom/sun/javafx/geom/RectBounds;Lcom/sun/javafx/geom/transform/BaseTransform;ZZ)Lcom/sun/prism/impl/shape/MaskData; (621 bytes) @ 0x0000000002e8a354 [0x0000000002e87f20+0x2434]
J 2603 C1 com.sun.prism.impl.ps.BaseShaderGraphics.renderShape(Lcom/sun/javafx/geom/Shape;Lcom/sun/prism/BasicStroke;FFFF)V (255 bytes) @ 0x0000000002e91f7c [0x0000000002e91c80+0x2fc]
j  com.sun.prism.impl.BaseGraphics.draw(Lcom/sun/javafx/geom/Shape;)V+136
j  com.sun.prism.impl.ps.CachingShapeRepState.drawNoCache(Lcom/sun/prism/Graphics;Lcom/sun/javafx/geom/Shape;)V+2
j  com.sun.prism.impl.ps.CachingShapeRepState.render(Lcom/sun/prism/Graphics;Lcom/sun/javafx/geom/Shape;Lcom/sun/javafx/geom/RectBounds;Lcom/sun/prism/BasicStroke;)V+241
j  com.sun.prism.impl.ps.CachingShapeRep.draw(Lcom/sun/prism/Graphics;Lcom/sun/javafx/geom/Shape;Lcom/sun/javafx/geom/BaseBounds;)V+31
J 4644 C1 com.sun.javafx.sg.prism.NGShape.renderContent2D(Lcom/sun/prism/Graphics;Z)V (173 bytes) @ 0x0000000002a91c94 [0x0000000002a911e0+0xab4]
J 2506 C1 com.sun.javafx.sg.prism.NGShape.renderContent(Lcom/sun/prism/Graphics;)V (458 bytes) @ 0x0000000002e4f3a4 [0x0000000002e4d220+0x2184]
J 4088 C1 com.sun.javafx.sg.prism.NGNode.doRender(Lcom/sun/prism/Graphics;)V (473 bytes) @ 0x000000000284d79c [0x000000000284b9c0+0x1ddc]
J 3020 C2 com.sun.javafx.sg.prism.NGGroup.renderContent(Lcom/sun/prism/Graphics;)V (436 bytes) @ 0x0000000003017cdc [0x0000000003017ba0+0x13c]
J 4090 C1 com.sun.javafx.sg.prism.NGRegion.renderContent(Lcom/sun/prism/Graphics;)V (115 bytes) @ 0x000000000294885c [0x0000000002947440+0x141c]
J 4088 C1 com.sun.javafx.sg.prism.NGNode.doRender(Lcom/sun/prism/Graphics;)V (473 bytes) @ 0x000000000284d79c [0x000000000284b9c0+0x1ddc]
J 3020 C2 com.sun.javafx.sg.prism.NGGroup.renderContent(Lcom/sun/prism/Graphics;)V (436 bytes) @ 0x0000000003017cdc [0x0000000003017ba0+0x13c]
J 4090 C1 com.sun.javafx.sg.prism.NGRegion.renderContent(Lcom/sun/prism/Graphics;)V (115 bytes) @ 0x000000000294885c [0x0000000002947440+0x141c]
J 4088 C1 com.sun.javafx.sg.prism.NGNode.doRender(Lcom/sun/prism/Graphics;)V (473 bytes) @ 0x000000000284d79c [0x000000000284b9c0+0x1ddc]
J 3020 C2 com.sun.javafx.sg.prism.NGGroup.renderContent(Lcom/sun/prism/Graphics;)V (436 bytes) @ 0x0000000003017cdc [0x0000000003017ba0+0x13c]
J 4090 C1 com.sun.javafx.sg.prism.NGRegion.renderContent(Lcom/sun/prism/Graphics;)V (115 bytes) @ 0x000000000294885c [0x0000000002947440+0x141c]
J 4088 C1 com.sun.javafx.sg.prism.NGNode.doRender(Lcom/sun/prism/Graphics;)V (473 bytes) @ 0x000000000284d79c [0x000000000284b9c0+0x1ddc]
J 3020 C2 com.sun.javafx.sg.prism.NGGroup.renderContent(Lcom/sun/prism/Graphics;)V (436 bytes) @ 0x0000000003017cdc [0x0000000003017ba0+0x13c]
J 4090 C1 com.sun.javafx.sg.prism.NGRegion.renderContent(Lcom/sun/prism/Graphics;)V (115 bytes) @ 0x000000000294885c [0x0000000002947440+0x141c]
J 4088 C1 com.sun.javafx.sg.prism.NGNode.doRender(Lcom/sun/prism/Graphics;)V (473 bytes) @ 0x000000000284d79c [0x000000000284b9c0+0x1ddc]
J 2792 C2 com.sun.javafx.sg.prism.NGNode.render(Lcom/sun/prism/Graphics;)V (38 bytes) @ 0x0000000002f46ae4 [0x0000000002f46a80+0x64]
J 2845 C1 com.sun.javafx.tk.quantum.ViewPainter.doPaint(Lcom/sun/prism/Graphics;Lcom/sun/javafx/sg/prism/NodePath;)V (205 bytes) @ 0x0000000002f70bb4 [0x0000000002f6fd00+0xeb4]
j  com.sun.javafx.tk.quantum.ViewPainter.paintImpl(Lcom/sun/prism/Graphics;)V+982
j  com.sun.javafx.tk.quantum.PresentingPainter.run()V+326
J 3104 C1 java.util.concurrent.Executors$RunnableAdapter.call()Ljava/lang/Object; (14 bytes) @ 0x0000000003062b8c [0x0000000003062a80+0x10c]
J 3103 C1 java.util.concurrent.FutureTask.runAndReset()Z (128 bytes) @ 0x0000000003061f5c [0x0000000003061d00+0x25c]
j  com.sun.javafx.tk.RenderJob.run()V+1
j  java.util.concurrent.ThreadPoolExecutor.runWorker(Ljava/util/concurrent/ThreadPoolExecutor$Worker;)V+95
j  java.util.concurrent.ThreadPoolExecutor$Worker.run()V+5
j  com.sun.javafx.tk.quantum.QuantumRenderer$PipelineRunnable.run()V+8
j  java.lang.Thread.run()V+11
v  ~StubRoutines::call_stub

---------------  P R O C E S S  ---------------

Java Threads: ( => current thread )
  0x00000000566ef800 JavaThread "Abandoned connection cleanup thread" daemon [_thread_blocked, id=2396, stack(0x000000005ec90000,0x000000005ed90000)]
  0x0000000057844000 JavaThread "Prism Font Disposer" daemon [_thread_blocked, id=5396, stack(0x000000005d940000,0x000000005da40000)]
  0x000000005746f000 JavaThread "JavaFX-Launcher" [_thread_blocked, id=7072, stack(0x0000000059b30000,0x0000000059c30000)]
  0x0000000057473800 JavaThread "Thread-2" daemon [_thread_in_native, id=4340, stack(0x0000000059950000,0x0000000059a50000)]
  0x0000000057403800 JavaThread "JavaFX Application Thread" [_thread_in_native, id=5620, stack(0x0000000058310000,0x0000000058410000)]
  0x00000000573fe000 JavaThread "Thread-1" daemon [_thread_blocked, id=6552, stack(0x00000000581a0000,0x00000000582a0000)]
=>0x00000000568ea000 JavaThread "QuantumRenderer-0" daemon [_thread_in_native, id=7140, stack(0x0000000057d20000,0x0000000057e20000)]
  0x0000000056555800 JavaThread "Service Thread" daemon [_thread_blocked, id=2992, stack(0x00000000570e0000,0x00000000571e0000)]
  0x0000000054e77000 JavaThread "C1 CompilerThread2" daemon [_thread_blocked, id=4728, stack(0x0000000056ee0000,0x0000000056fe0000)]
  0x00000000564fb800 JavaThread "C2 CompilerThread1" daemon [_thread_in_native, id=5384, stack(0x0000000056c40000,0x0000000056d40000)]
  0x00000000564f6800 JavaThread "C2 CompilerThread0" daemon [_thread_in_native, id=2804, stack(0x0000000056940000,0x0000000056a40000)]
  0x00000000564f0800 JavaThread "Attach Listener" daemon [_thread_blocked, id=6892, stack(0x0000000056ac0000,0x0000000056bc0000)]
  0x0000000054e76000 JavaThread "Signal Dispatcher" daemon [_thread_blocked, id=2020, stack(0x0000000056290000,0x0000000056390000)]
  0x0000000054e5e000 JavaThread "Finalizer" daemon [_thread_blocked, id=7112, stack(0x00000000563f0000,0x00000000564f0000)]
  0x0000000054e17000 JavaThread "Reference Handler" daemon [_thread_blocked, id=4540, stack(0x0000000056130000,0x0000000056230000)]
  0x00000000022be000 JavaThread "main" [_thread_blocked, id=1476, stack(0x0000000002300000,0x0000000002400000)]

Other Threads:
  0x0000000054e0f800 VMThread [stack: 0x0000000055f70000,0x0000000056070000] [id=6052]
  0x000000005658d800 WatcherThread [stack: 0x00000000572a0000,0x00000000573a0000] [id=5956]

VM state:not at safepoint (normal execution)

VM Mutex/Monitor currently owned by a thread: None

Heap:
 PSYoungGen      total 38400K, used 25399K [0x00000000eb380000, 0x00000000ef400000, 0x0000000100000000)
  eden space 23040K, 44% used [0x00000000eb380000,0x00000000ebd67fb0,0x00000000eca00000)
  from space 15360K, 99% used [0x00000000eca00000,0x00000000ed8e5db0,0x00000000ed900000)
  to   space 17920K, 0% used [0x00000000ee280000,0x00000000ee280000,0x00000000ef400000)
 ParOldGen       total 41472K, used 29760K [0x00000000c1a00000, 0x00000000c4280000, 0x00000000eb380000)
  object space 41472K, 71% used [0x00000000c1a00000,0x00000000c37101e8,0x00000000c4280000)
 Metaspace       used 26404K, capacity 28162K, committed 28416K, reserved 1073152K
  class space    used 3746K, capacity 4051K, committed 4096K, reserved 1048576K

Card table byte_map: [0x0000000011a90000,0x0000000011c90000] byte_map_base: 0x0000000011483000

Marking Bits: (ParMarkBitMap*) 0x000000007075b6d0
 Begin Bits: [0x0000000012350000, 0x00000000132e8000)
 End Bits:   [0x00000000132e8000, 0x0000000014280000)

Polling page: 0x0000000000330000

CodeCache: size=245760Kb used=14558Kb max_used=14585Kb free=231201Kb
 bounds [0x00000000026d0000, 0x0000000003550000, 0x00000000116d0000]
 total_blobs=5224 nmethods=4456 adapters=680
 compilation: enabled

Compilation events (10 events):
Event: 22.382 Thread 0x0000000054e77000 nmethod 5012 0x00000000032fb450 code [0x00000000032fb5a0, 0x00000000032fb6b0]
Event: 22.382 Thread 0x0000000054e77000 5013       1       javafx.scene.layout.CornerRadii::getBottomLeftVerticalRadius (5 bytes)
Event: 22.382 Thread 0x0000000054e77000 nmethod 5013 0x00000000032fb190 code [0x00000000032fb2e0, 0x00000000032fb3f0]
Event: 22.382 Thread 0x0000000054e77000 5014       1       javafx.scene.layout.CornerRadii::getBottomLeftHorizontalRadius (5 bytes)
Event: 22.382 Thread 0x0000000054e77000 nmethod 5014 0x00000000032faed0 code [0x00000000032fb020, 0x00000000032fb130]
Event: 22.382 Thread 0x0000000054e77000 5005       3       com.sun.javafx.sg.prism.NGNode::setParent (7 bytes)
Event: 22.382 Thread 0x0000000054e77000 nmethod 5005 0x00000000032fab10 code [0x00000000032fac60, 0x00000000032fae30]
Event: 22.382 Thread 0x0000000054e77000 5006       3       com.sun.javafx.sg.prism.NGGroup::add (83 bytes)
Event: 22.384 Thread 0x0000000054e77000 nmethod 5006 0x00000000029fd150 code [0x00000000029fd3c0, 0x00000000029fe698]
Event: 22.384 Thread 0x0000000054e77000 4997       3       javafx.scene.effect.Effect::getShadowBounds (207 bytes)

GC Heap History (10 events):
Event: 16.371 GC heap before
{Heap before GC invocations=6 (full 1):
 PSYoungGen      total 18944K, used 16384K [0x00000000eb380000, 0x00000000ed880000, 0x0000000100000000)
  eden space 16384K, 100% used [0x00000000eb380000,0x00000000ec380000,0x00000000ec380000)
  from space 2560K, 0% used [0x00000000ec600000,0x00000000ec600000,0x00000000ec880000)
  to   space 2560K, 0% used [0x00000000ec380000,0x00000000ec380000,0x00000000ec600000)
 ParOldGen       total 41472K, used 10802K [0x00000000c1a00000, 0x00000000c4280000, 0x00000000eb380000)
  object space 41472K, 26% used [0x00000000c1a00000,0x00000000c248ca10,0x00000000c4280000)
 Metaspace       used 21721K, capacity 22500K, committed 22656K, reserved 1069056K
  class space    used 2960K, capacity 3182K, committed 3200K, reserved 1048576K
Event: 16.377 GC heap after
Heap after GC invocations=6 (full 1):
 PSYoungGen      total 18944K, used 1841K [0x00000000eb380000, 0x00000000ed700000, 0x0000000100000000)
  eden space 16384K, 0% used [0x00000000eb380000,0x00000000eb380000,0x00000000ec380000)
  from space 2560K, 71% used [0x00000000ec380000,0x00000000ec54c578,0x00000000ec600000)
  to   space 7168K, 0% used [0x00000000ed000000,0x00000000ed000000,0x00000000ed700000)
 ParOldGen       total 41472K, used 10810K [0x00000000c1a00000, 0x00000000c4280000, 0x00000000eb380000)
  object space 41472K, 26% used [0x00000000c1a00000,0x00000000c248ea10,0x00000000c4280000)
 Metaspace       used 21721K, capacity 22500K, committed 22656K, reserved 1069056K
  class space    used 2960K, capacity 3182K, committed 3200K, reserved 1048576K
}
Event: 17.124 GC heap before
{Heap before GC invocations=7 (full 1):
 PSYoungGen      total 18944K, used 18225K [0x00000000eb380000, 0x00000000ed700000, 0x0000000100000000)
  eden space 16384K, 100% used [0x00000000eb380000,0x00000000ec380000,0x00000000ec380000)
  from space 2560K, 71% used [0x00000000ec380000,0x00000000ec54c578,0x00000000ec600000)
  to   space 7168K, 0% used [0x00000000ed000000,0x00000000ed000000,0x00000000ed700000)
 ParOldGen       total 41472K, used 10810K [0x00000000c1a00000, 0x00000000c4280000, 0x00000000eb380000)
  object space 41472K, 26% used [0x00000000c1a00000,0x00000000c248ea10,0x00000000c4280000)
 Metaspace       used 23544K, capacity 24772K, committed 25088K, reserved 1071104K
  class space    used 3269K, capacity 3522K, committed 3584K, reserved 1048576K
Event: 17.134 GC heap after
Heap after GC invocations=7 (full 1):
 PSYoungGen      total 29184K, used 4986K [0x00000000eb380000, 0x00000000ed780000, 0x0000000100000000)
  eden space 22016K, 0% used [0x00000000eb380000,0x00000000eb380000,0x00000000ec900000)
  from space 7168K, 69% used [0x00000000ed000000,0x00000000ed4debd0,0x00000000ed700000)
  to   space 7168K, 0% used [0x00000000ec900000,0x00000000ec900000,0x00000000ed000000)
 ParOldGen       total 41472K, used 10818K [0x00000000c1a00000, 0x00000000c4280000, 0x00000000eb380000)
  object space 41472K, 26% used [0x00000000c1a00000,0x00000000c2490a10,0x00000000c4280000)
 Metaspace       used 23544K, capacity 24772K, committed 25088K, reserved 1071104K
  class space    used 3269K, capacity 3522K, committed 3584K, reserved 1048576K
}
Event: 19.931 GC heap before
{Heap before GC invocations=8 (full 1):
 PSYoungGen      total 29184K, used 26819K [0x00000000eb380000, 0x00000000ed780000, 0x0000000100000000)
  eden space 22016K, 99% used [0x00000000eb380000,0x00000000ec8d2328,0x00000000ec900000)
  from space 7168K, 69% used [0x00000000ed000000,0x00000000ed4debd0,0x00000000ed700000)
  to   space 7168K, 0% used [0x00000000ec900000,0x00000000ec900000,0x00000000ed000000)
 ParOldGen       total 41472K, used 10818K [0x00000000c1a00000, 0x00000000c4280000, 0x00000000eb380000)
  object space 41472K, 26% used [0x00000000c1a00000,0x00000000c2490a10,0x00000000c4280000)
 Metaspace       used 24498K, capacity 25802K, committed 25984K, reserved 1071104K
  class space    used 3386K, capacity 3663K, committed 3712K, reserved 1048576K
Event: 19.952 GC heap after
Heap after GC invocations=8 (full 1):
 PSYoungGen      total 29184K, used 7144K [0x00000000eb380000, 0x00000000ee180000, 0x0000000100000000)
  eden space 22016K, 0% used [0x00000000eb380000,0x00000000eb380000,0x00000000ec900000)
  from space 7168K, 99% used [0x00000000ec900000,0x00000000ecffa098,0x00000000ed000000)
  to   space 8704K, 0% used [0x00000000ed900000,0x00000000ed900000,0x00000000ee180000)
 ParOldGen       total 41472K, used 11597K [0x00000000c1a00000, 0x00000000c4280000, 0x00000000eb380000)
  object space 41472K, 27% used [0x00000000c1a00000,0x00000000c2553618,0x00000000c4280000)
 Metaspace       used 24498K, capacity 25802K, committed 25984K, reserved 1071104K
  class space    used 3386K, capacity 3663K, committed 3712K, reserved 1048576K
}
Event: 20.356 GC heap before
{Heap before GC invocations=9 (full 1):
 PSYoungGen      total 29184K, used 27780K [0x00000000eb380000, 0x00000000ee180000, 0x0000000100000000)
  eden space 22016K, 93% used [0x00000000eb380000,0x00000000ec7a7340,0x00000000ec900000)
  from space 7168K, 99% used [0x00000000ec900000,0x00000000ecffa098,0x00000000ed000000)
  to   space 8704K, 0% used [0x00000000ed900000,0x00000000ed900000,0x00000000ee180000)
 ParOldGen       total 41472K, used 11597K [0x00000000c1a00000, 0x00000000c4280000, 0x00000000eb380000)
  object space 41472K, 27% used [0x00000000c1a00000,0x00000000c2553618,0x00000000c4280000)
 Metaspace       used 24563K, capacity 25914K, committed 25984K, reserved 1071104K
  class space    used 3394K, capacity 3671K, committed 3712K, reserved 1048576K
Event: 20.383 GC heap after
Heap after GC invocations=9 (full 1):
 PSYoungGen      total 31744K, used 8699K [0x00000000eb380000, 0x00000000ef280000, 0x0000000100000000)
  eden space 23040K, 0% used [0x00000000eb380000,0x00000000eb380000,0x00000000eca00000)
  from space 8704K, 99% used [0x00000000ed900000,0x00000000ee17ee50,0x00000000ee180000)
  to   space 15360K, 0% used [0x00000000eca00000,0x00000000eca00000,0x00000000ed900000)
 ParOldGen       total 41472K, used 24603K [0x00000000c1a00000, 0x00000000c4280000, 0x00000000eb380000)
  object space 41472K, 59% used [0x00000000c1a00000,0x00000000c3206e08,0x00000000c4280000)
 Metaspace       used 24563K, capacity 25914K, committed 25984K, reserved 1071104K
  class space    used 3394K, capacity 3671K, committed 3712K, reserved 1048576K
}
Event: 22.049 GC heap before
{Heap before GC invocations=10 (full 1):
 PSYoungGen      total 31744K, used 31739K [0x00000000eb380000, 0x00000000ef280000, 0x0000000100000000)
  eden space 23040K, 100% used [0x00000000eb380000,0x00000000eca00000,0x00000000eca00000)
  from space 8704K, 99% used [0x00000000ed900000,0x00000000ee17ee50,0x00000000ee180000)
  to   space 15360K, 0% used [0x00000000eca00000,0x00000000eca00000,0x00000000ed900000)
 ParOldGen       total 41472K, used 24603K [0x00000000c1a00000, 0x00000000c4280000, 0x00000000eb380000)
  object space 41472K, 59% used [0x00000000c1a00000,0x00000000c3206e08,0x00000000c4280000)
 Metaspace       used 25520K, capacity 26952K, committed 27264K, reserved 1073152K
  class space    used 3584K, capacity 3872K, committed 3968K, reserved 1048576K
Event: 22.064 GC heap after
Heap after GC invocations=10 (full 1):
 PSYoungGen      total 38400K, used 15255K [0x00000000eb380000, 0x00000000ef400000, 0x0000000100000000)
  eden space 23040K, 0% used [0x00000000eb380000,0x00000000eb380000,0x00000000eca00000)
  from space 15360K, 99% used [0x00000000eca00000,0x00000000ed8e5db0,0x00000000ed900000)
  to   space 17920K, 0% used [0x00000000ee280000,0x00000000ee280000,0x00000000ef400000)
 ParOldGen       total 41472K, used 29760K [0x00000000c1a00000, 0x00000000c4280000, 0x00000000eb380000)
  object space 41472K, 71% used [0x00000000c1a00000,0x00000000c37101e8,0x00000000c4280000)
 Metaspace       used 25520K, capacity 26952K, committed 27264K, reserved 1073152K
  class space    used 3584K, capacity 3872K, committed 3968K, reserved 1048576K
}

Deoptimization events (10 events):
Event: 20.616 Thread 0x00000000568ea000 Uncommon trap: reason=class_check action=maybe_recompile pc=0x0000000003360f84 method=com.sun.javafx.sg.prism.NGRegion.renderBackgroundRectanglesDirectly(Lcom/sun/prism/Graphics;FF)V @ 14
Event: 20.718 Thread 0x00000000568ea000 Uncommon trap: reason=unstable_if action=reinterpret pc=0x000000000307f850 method=com.sun.javafx.sg.prism.NGRegion.getNormalizedFillRadii(I)Ljavafx/scene/layout/CornerRadii; @ 4
Event: 20.718 Thread 0x00000000568ea000 Uncommon trap: reason=unstable_if action=reinterpret pc=0x000000000300fd68 method=com.sun.javafx.geom.Path2D.appendOvalQuadrant(FFFFFFFFLcom/sun/javafx/geom/Path2D$CornerPrefix;)V @ 468
Event: 20.720 Thread 0x00000000568ea000 Uncommon trap: reason=unstable_if action=reinterpret pc=0x0000000002f8460c method=com.sun.prism.impl.GlyphCache.getCachedGlyph(II)Lcom/sun/prism/impl/GlyphCache$GlyphData; @ 366
Event: 20.720 Thread 0x00000000568ea000 Uncommon trap: reason=unstable_if action=reinterpret pc=0x0000000002c3adb8 method=com.sun.prism.impl.GlyphCache.render(Lcom/sun/prism/impl/BaseContext;Lcom/sun/javafx/scene/text/GlyphList;FFIILcom/sun/prism/paint/Color;Lcom/sun/prism/paint/Color;Lcom/sun/
Event: 21.600 Thread 0x0000000057403800 Uncommon trap: reason=class_check action=maybe_recompile pc=0x0000000002eec28c method=javafx.scene.Node.updateLocalToParentTransform()V @ 271
Event: 21.799 Thread 0x0000000057403800 Uncommon trap: reason=range_check action=make_not_entrant pc=0x0000000003101090 method=sun.reflect.generics.parser.SignatureParser.current()C @ 34
Event: 22.012 Thread 0x0000000057403800 Uncommon trap: reason=unstable_if action=reinterpret pc=0x00000000034145d0 method=javafx.scene.CssStyleHelper.resolveLookups(Ljavafx/css/Styleable;Lcom/sun/javafx/css/ParsedValueImpl;Lcom/sun/javafx/css/StyleMap;Ljava/util/Set;Ljavafx/beans/property/Objec
Event: 22.012 Thread 0x0000000057403800 Uncommon trap: reason=unstable_if action=reinterpret pc=0x00000000033d79f0 method=com.sun.javafx.css.ParsedValueImpl.hashCode()I @ 145
Event: 22.361 Thread 0x0000000057403800 Uncommon trap: reason=unstable_if action=reinterpret pc=0x0000000002a207b8 method=com.sun.javafx.geom.Path2D.needRoom(ZI)V @ 46

Internal exceptions (10 events):
Event: 7.877 Thread 0x0000000057403800 Implicit null exception at 0x0000000002923646 to 0x00000000029239e9
Event: 7.909 Thread 0x0000000057403800 Implicit null exception at 0x0000000002ccf365 to 0x0000000002ccfe51
Event: 13.431 Thread 0x0000000057403800 Implicit null exception at 0x0000000002e27925 to 0x0000000002e28f7d
Event: 16.456 Thread 0x0000000057403800 Exception <a 'java/lang/ArrayIndexOutOfBoundsException'> (0x00000000eb615e58) thrown at [C:\re\workspace\8-2-build-windows-amd64-cygwin\jdk8u121\8372\hotspot\src\share\vm\runtime\sharedRuntime.cpp, line 605]
Event: 16.456 Thread 0x0000000057403800 Exception <a 'java/lang/ArrayIndexOutOfBoundsException'> (0x00000000eb617050) thrown at [C:\re\workspace\8-2-build-windows-amd64-cygwin\jdk8u121\8372\hotspot\src\share\vm\runtime\sharedRuntime.cpp, line 605]
Event: 16.457 Thread 0x0000000057403800 Exception <a 'java/lang/ArrayIndexOutOfBoundsException'> (0x00000000eb6195c0) thrown at [C:\re\workspace\8-2-build-windows-amd64-cygwin\jdk8u121\8372\hotspot\src\share\vm\runtime\sharedRuntime.cpp, line 605]
Event: 21.799 Thread 0x0000000057403800 Exception <a 'java/lang/ArrayIndexOutOfBoundsException': 79> (0x00000000ec27b518) thrown at [C:\re\workspace\8-2-build-windows-amd64-cygwin\jdk8u121\8372\hotspot\src\share\vm\interpreter\interpreterRuntime.cpp, line 366]
Event: 21.799 Thread 0x0000000057403800 Exception <a 'java/lang/ArrayIndexOutOfBoundsException': 52> (0x00000000ec27c700) thrown at [C:\re\workspace\8-2-build-windows-amd64-cygwin\jdk8u121\8372\hotspot\src\share\vm\interpreter\interpreterRuntime.cpp, line 366]
Event: 21.799 Thread 0x0000000057403800 Exception <a 'java/lang/ArrayIndexOutOfBoundsException': 114> (0x00000000ec27e040) thrown at [C:\re\workspace\8-2-build-windows-amd64-cygwin\jdk8u121\8372\hotspot\src\share\vm\interpreter\interpreterRuntime.cpp, line 366]
Event: 22.012 Thread 0x0000000057403800 Implicit null exception at 0x00000000033d7755 to 0x00000000033d79d1

Events (10 events):
Event: 22.247 loading class com/sun/javafx/scene/control/behavior/TableCellBehavior done
Event: 22.346 loading class com/sun/javafx/scene/control/skin/TextAreaSkin$ContentView
Event: 22.346 loading class com/sun/javafx/scene/control/skin/TextAreaSkin$ContentView done
Event: 22.360 loading class com/sun/javafx/geom/ArcIterator
Event: 22.360 loading class com/sun/javafx/geom/ArcIterator done
Event: 22.361 Thread 0x0000000057403800 Uncommon trap: trap_request=0xffffff65 fr.pc=0x0000000002a207b8
Event: 22.361 Thread 0x0000000057403800 DEOPT PACKING pc=0x0000000002a207b8 sp=0x000000005840d380
Event: 22.361 Thread 0x0000000057403800 DEOPT UNPACKING pc=0x000000000271582a sp=0x000000005840d2c8 mode 2
Event: 22.361 loading class javafx/scene/shape/Arc$8
Event: 22.361 loading class javafx/scene/shape/Arc$8 done


Dynamic libraries:
0x000000013f570000 - 0x000000013f5a7000 	C:\Program Files\Java\jdk1.8.0_121\jre\bin\java.exe
0x00000000779d0000 - 0x0000000077b7b000 	C:\Windows\SYSTEM32\ntdll.dll
0x00000000778b0000 - 0x00000000779cf000 	C:\Windows\system32\kernel32.dll
0x000007fefdc90000 - 0x000007fefdcfb000 	C:\Windows\system32\KERNELBASE.dll
0x000007fefe380000 - 0x000007fefe45b000 	C:\Windows\system32\ADVAPI32.dll
0x000007feffc40000 - 0x000007feffcdf000 	C:\Windows\system32\msvcrt.dll
0x000007feffc20000 - 0x000007feffc3f000 	C:\Windows\SYSTEM32\sechost.dll
0x000007fefe4b0000 - 0x000007fefe5de000 	C:\Windows\system32\RPCRT4.dll
0x00000000777b0000 - 0x00000000778aa000 	C:\Windows\system32\USER32.dll
0x000007feffac0000 - 0x000007feffb27000 	C:\Windows\system32\GDI32.dll
0x000007fefe880000 - 0x000007fefe88e000 	C:\Windows\system32\LPK.dll
0x000007fefe8e0000 - 0x000007fefe9aa000 	C:\Windows\system32\USP10.dll
0x000007fefc210000 - 0x000007fefc404000 	C:\Windows\WinSxS\amd64_microsoft.windows.common-controls_6595b64144ccf1df_6.0.7600.16385_none_fa645303170382f6\COMCTL32.dll
0x000007feff740000 - 0x000007feff7b1000 	C:\Windows\system32\SHLWAPI.dll
0x000007fefe480000 - 0x000007fefe4ae000 	C:\Windows\system32\IMM32.DLL
0x000007fefe220000 - 0x000007fefe329000 	C:\Windows\system32\MSCTF.dll
0x0000000071a10000 - 0x0000000071ae2000 	C:\Program Files\Java\jdk1.8.0_121\jre\bin\msvcr100.dll
0x000000006ff40000 - 0x00000000707db000 	C:\Program Files\Java\jdk1.8.0_121\jre\bin\server\jvm.dll
0x000007feeaba0000 - 0x000007feeaba9000 	C:\Windows\system32\WSOCK32.dll
0x000007fefe330000 - 0x000007fefe37d000 	C:\Windows\system32\WS2_32.dll
0x000007feffc10000 - 0x000007feffc18000 	C:\Windows\system32\NSI.dll
0x000007fef90f0000 - 0x000007fef912b000 	C:\Windows\system32\WINMM.dll
0x000007fefc8a0000 - 0x000007fefc8ac000 	C:\Windows\system32\VERSION.dll
0x0000000077b90000 - 0x0000000077b97000 	C:\Windows\system32\PSAPI.DLL
0x0000000071d60000 - 0x0000000071d6f000 	C:\Program Files\Java\jdk1.8.0_121\jre\bin\verify.dll
0x0000000071d30000 - 0x0000000071d59000 	C:\Program Files\Java\jdk1.8.0_121\jre\bin\java.dll
0x0000000071d10000 - 0x0000000071d26000 	C:\Program Files\Java\jdk1.8.0_121\jre\bin\zip.dll
0x000007fefe9b0000 - 0x000007feff736000 	C:\Windows\system32\SHELL32.dll
0x000007fefe010000 - 0x000007fefe211000 	C:\Windows\system32\ole32.dll
0x000007fefd930000 - 0x000007fefd93f000 	C:\Windows\system32\profapi.dll
0x000007fed8f10000 - 0x000007fed8fff000 	C:\Program Files\Java\jdk1.8.0_121\jre\bin\msvcr120.dll
0x000007fedd8f0000 - 0x000007fedd996000 	C:\Program Files\Java\jdk1.8.0_121\jre\bin\msvcp120.dll
0x0000000070fe0000 - 0x0000000071002000 	C:\Program Files\Java\jdk1.8.0_121\jre\bin\prism_d3d.dll
0x000007fed8270000 - 0x000007fed846f000 	C:\Windows\system32\d3d9.dll
0x000007fed8260000 - 0x000007fed8267000 	C:\Windows\system32\d3d8thk.dll
0x000007fefb800000 - 0x000007fefb818000 	C:\Windows\system32\dwmapi.dll
0x000007fefc030000 - 0x000007fefc086000 	C:\Windows\system32\uxtheme.dll
0x000007fef7410000 - 0x000007fef752b000 	C:\Windows\system32\aticfx64.dll
0x000007fed8220000 - 0x000007fed8240000 	C:\Windows\system32\atiu9p64.dll
0x000007fed52a0000 - 0x000007fed6a59000 	C:\Windows\system32\igdumdim64.dll
0x000007fed7b50000 - 0x000007fed821a000 	C:\Windows\system32\atiumd64.dll
0x0000000070f40000 - 0x0000000070f83000 	C:\Program Files\Java\jdk1.8.0_121\jre\bin\glass.dll
0x000007fefe7e0000 - 0x000007fefe878000 	C:\Windows\system32\COMDLG32.dll
0x000007feffb30000 - 0x000007feffc07000 	C:\Windows\system32\OLEAUT32.dll
0x000007fefd860000 - 0x000007fefd86f000 	C:\Windows\system32\CRYPTBASE.dll
0x000007fef3520000 - 0x000007fef3f05000 	C:\Windows\system32\igdusc64.dll
0x0000000070fc0000 - 0x0000000070fd4000 	C:\Program Files\Java\jdk1.8.0_121\jre\bin\javafx_font.dll
0x000007fee0720000 - 0x000007fee089b000 	C:\Windows\system32\dwrite.dll
0x000007feffa20000 - 0x000007feffab9000 	C:\Windows\system32\CLBCatQ.DLL
0x000007fefb430000 - 0x000007fefb55a000 	C:\Windows\system32\WindowsCodecs.dll
0x000007fefd800000 - 0x000007fefd857000 	C:\Windows\system32\apphelp.dll
0x000007fef6200000 - 0x000007fef643b000 	C:\PROGRA~1\MICROS~2\Office15\GROOVEEX.DLL
0x00000000753c0000 - 0x0000000075458000 	C:\Windows\system32\MSVCP100.dll
0x0000000075390000 - 0x00000000753bb000 	C:\Windows\system32\ATL100.DLL
0x000007fef5000000 - 0x000007fef5316000 	C:\Windows\system32\msi.dll
0x000007fef6dd0000 - 0x000007fef7409000 	C:\PROGRA~1\MICROS~2\Office15\1033\GrooveIntlResource.dll
0x000007fef9c70000 - 0x000007fef9ca5000 	C:\Windows\system32\EhStorShell.dll
0x000007fefdd00000 - 0x000007fefded7000 	C:\Windows\system32\SETUPAPI.dll
0x000007fefdc30000 - 0x000007fefdc66000 	C:\Windows\system32\CFGMGR32.dll
0x000007fefdc70000 - 0x000007fefdc8a000 	C:\Windows\system32\DEVOBJ.dll
0x000007fefc090000 - 0x000007fefc1bc000 	C:\Windows\system32\PROPSYS.dll
0x000007fef9310000 - 0x000007fef938e000 	C:\Windows\System32\cscui.dll
0x000007fefc410000 - 0x000007fefc41c000 	C:\Windows\System32\CSCDLL.dll
0x000007fef9670000 - 0x000007fef967f000 	C:\Windows\system32\CSCAPI.dll
0x000007fef9290000 - 0x000007fef9310000 	C:\Windows\system32\ntshrui.dll
0x000007fefd4a0000 - 0x000007fefd4c3000 	C:\Windows\system32\srvcli.dll
0x000007fefb6a0000 - 0x000007fefb6ab000 	C:\Windows\system32\slc.dll
0x000007fefa370000 - 0x000007fefa39d000 	C:\Program Files\Common Files\Microsoft Shared\Ink\rtscom.dll
0x0000000070f90000 - 0x0000000070fb3000 	C:\Program Files\Java\jdk1.8.0_121\jre\bin\javafx_iio.dll
0x0000000071cf0000 - 0x0000000071d0a000 	C:\Program Files\Java\jdk1.8.0_121\jre\bin\net.dll
0x000007fefd1a0000 - 0x000007fefd1f4000 	C:\Windows\system32\mswsock.dll
0x000007fefd190000 - 0x000007fefd197000 	C:\Windows\System32\wship6.dll
0x000007fefc9c0000 - 0x000007fefc9c7000 	C:\Windows\System32\wshtcpip.dll
0x000007fefd020000 - 0x000007fefd07b000 	C:\Windows\system32\DNSAPI.dll
0x000007fefb320000 - 0x000007fefb347000 	C:\Windows\system32\IPHLPAPI.DLL
0x000007fefb300000 - 0x000007fefb30b000 	C:\Windows\system32\WINNSI.DLL
0x000007fef9c30000 - 0x000007fef9c38000 	C:\Windows\system32\rasadhlp.dll
0x000007fefb180000 - 0x000007fefb1d3000 	C:\Windows\System32\fwpuclnt.dll
0x0000000070f00000 - 0x0000000070f11000 	C:\Program Files\Java\jdk1.8.0_121\jre\bin\prism_common.dll
0x000007fefd200000 - 0x000007fefd217000 	C:\Windows\system32\CRYPTSP.dll
0x000007fefcf00000 - 0x000007fefcf47000 	C:\Windows\system32\rsaenh.dll
0x000007fefcad0000 - 0x000007fefcaee000 	C:\Windows\system32\USERENV.dll
0x000007fefb020000 - 0x000007fefb038000 	C:\Windows\system32\dhcpcsvc.DLL
0x000007fefb000000 - 0x000007fefb011000 	C:\Windows\system32\dhcpcsvc6.DLL
0x0000000071cd0000 - 0x0000000071ce1000 	C:\Program Files\Java\jdk1.8.0_121\jre\bin\nio.dll
0x000007fee8fb0000 - 0x000007fee90d5000 	C:\Windows\system32\dbghelp.dll

VM Arguments:
jvm_args: -Dfile.encoding=UTF-8 
java_command: C:\Users\fahmex\Desktop\Game Project\dist\run1658370976\Game Project.jar
java_class_path (initial): C:\Users\fahmex\Desktop\Game Project\dist\run1658370976\Game Project.jar
Launcher Type: SUN_STANDARD

Environment Variables:
PATH=C:\ProgramData\Oracle\Java\javapath;C:\oraclexe\app\oracle\product\10.2.0\server\bin;C:\wamp\bin\php\php5.5.12\;C:\Program Files (x86)\AMD APP\bin\x86_64;C:\Program Files (x86)\AMD APP\bin\x86;C:\Windows\system32;C:\Windows;C:\Windows\System32\Wbem;C:\Windows\System32\WindowsPowerShell\v1.0\;C:\Program Files (x86)\ATI Technologies\ATI.ACE\Core-Static;C:\Program Files (x86)\GtkSharp\2.12\bin
USERNAME=fahmex
OS=Windows_NT
PROCESSOR_IDENTIFIER=Intel64 Family 6 Model 69 Stepping 1, GenuineIntel



---------------  S Y S T E M  ---------------

OS: Windows 7 , 64 bit Build 7600 (6.1.7600.16385)

CPU:total 4 (2 cores per cpu, 2 threads per core) family 6 model 69 stepping 1, cmov, cx8, fxsr, mmx, sse, sse2, sse3, ssse3, sse4.1, sse4.2, popcnt, aes, clmul, erms, lzcnt, ht, tsc, tscinvbit, bmi1, bmi2

Memory: 4k page, physical 4079984k(758520k free), swap 8326012k(1162908k free)

vm_info: Java HotSpot(TM) 64-Bit Server VM (25.121-b13) for windows-amd64 JRE (1.8.0_121-b13), built on Dec 12 2016 18:21:36 by "java_re" with MS VC++ 10.0 (VS2010)

time: Sun May 14 16:59:39 2017
elapsed time: 22 seconds (0d 0h 0m 22s)

